<?xml version="1.0" encoding="UTF-8"?>
<!-- Generated by org.testng.reporters.JUnitXMLReporter -->
<testsuite ignored="0" hostname="DESKTOP-O7QH6NU" failures="0" tests="1" name="EdgeTest" time="0.033" errors="0" timestamp="05 May 2018 08:48:01 GMT">
  <testcase classname="POC.TestCases" name="@BeforeTest startTest" time="0.011">
    <failure type="java.lang.Exception" message="Browser is not valid">
      <![CDATA[java.lang.Exception: Browser is not valid
at POC.TestCases.startTest(TestCases.java:36)
at java.base/java.util.concurrent.FutureTask.run(Unknown Source)
at java.base/java.util.concurrent.ThreadPoolExecutor.runWorker(Unknown Source)
at java.base/java.util.concurrent.ThreadPoolExecutor$Worker.run(Unknown Source)
at java.base/java.lang.Thread.run(Unknown Source)
... Removed 15 stack frames]]>
    </failure>
  </testcase> <!-- @BeforeTest startTest -->
  <testcase classname="POC.TestCases" name="@AfterTest afterTest" time="0.0">
    <skipped/>
  </testcase> <!-- @AfterTest afterTest -->
  <testcase classname="POC.TestCases" name="f" time="0.0">
    <skipped/>
  </testcase> <!-- f -->
</testsuite> <!-- EdgeTest -->
